Analysis & Synthesis report for cpu
Mon Dec  2 10:33:18 2024
Quartus Prime Version 23.1std.1 Build 993 05/14/2024 SC Lite Edition


---------------------
; Table of Contents ;
---------------------
  1. Legal Notice
  2. Analysis & Synthesis Summary
  3. Analysis & Synthesis Settings
  4. Parallel Compilation
  5. Analysis & Synthesis Source Files Read
  6. Analysis & Synthesis Resource Usage Summary
  7. Analysis & Synthesis Resource Utilization by Entity
  8. Analysis & Synthesis RAM Summary
  9. Analysis & Synthesis IP Cores Summary
 10. State Machine - |cpu|state
 11. Registers Removed During Synthesis
 12. Removed Registers Triggering Further Register Optimizations
 13. General Register Statistics
 14. Multiplexer Restructuring Statistics (Restructuring Performed)
 15. Source assignments for ram256x8:ram|altsyncram:altsyncram_component|altsyncram_vp14:auto_generated
 16. Parameter Settings for User Entity Instance: ram256x8:ram|altsyncram:altsyncram_component
 17. altsyncram Parameter Settings by Entity Instance
 18. Port Connectivity Checks: "ula:alu"
 19. Post-Synthesis Netlist Statistics for Top Partition
 20. Elapsed Time Per Partition
 21. Analysis & Synthesis Messages



----------------
; Legal Notice ;
----------------
Copyright (C) 2024  Intel Corporation. All rights reserved.
Your use of Intel Corporation's design tools, logic functions 
and other software and tools, and any partner logic 
functions, and any output files from any of the foregoing 
(including device programming or simulation files), and any 
associated documentation or information are expressly subject 
to the terms and conditions of the Intel Program License 
Subscription Agreement, the Intel Quartus Prime License Agreement,
the Intel FPGA IP License Agreement, or other applicable license
agreement, including, without limitation, that your use is for
the sole purpose of programming logic devices manufactured by
Intel and sold by Intel or its authorized distributors.  Please
refer to the applicable agreement for further details, at
https://fpgasoftware.intel.com/eula.



+----------------------------------------------------------------------------------+
; Analysis & Synthesis Summary                                                     ;
+---------------------------------+------------------------------------------------+
; Analysis & Synthesis Status     ; Successful - Mon Dec  2 10:33:18 2024          ;
; Quartus Prime Version           ; 23.1std.1 Build 993 05/14/2024 SC Lite Edition ;
; Revision Name                   ; cpu                                            ;
; Top-level Entity Name           ; cpu                                            ;
; Family                          ; Cyclone V                                      ;
; Logic utilization (in ALMs)     ; N/A                                            ;
; Total registers                 ; 91                                             ;
; Total pins                      ; 20                                             ;
; Total virtual pins              ; 0                                              ;
; Total block memory bits         ; 2,048                                          ;
; Total DSP Blocks                ; 0                                              ;
; Total HSSI RX PCSs              ; 0                                              ;
; Total HSSI PMA RX Deserializers ; 0                                              ;
; Total HSSI TX PCSs              ; 0                                              ;
; Total HSSI PMA TX Serializers   ; 0                                              ;
; Total PLLs                      ; 0                                              ;
; Total DLLs                      ; 0                                              ;
+---------------------------------+------------------------------------------------+


+---------------------------------------------------------------------------------------------------------------------------+
; Analysis & Synthesis Settings                                                                                             ;
+---------------------------------------------------------------------------------+--------------------+--------------------+
; Option                                                                          ; Setting            ; Default Value      ;
+---------------------------------------------------------------------------------+--------------------+--------------------+
; Device                                                                          ; 5CEBA4F23C7        ;                    ;
; Top-level entity name                                                           ; cpu                ; cpu                ;
; Family name                                                                     ; Cyclone V          ; Cyclone V          ;
; Use smart compilation                                                           ; Off                ; Off                ;
; Enable parallel Assembler and Timing Analyzer during compilation                ; On                 ; On                 ;
; Enable compact report table                                                     ; Off                ; Off                ;
; Restructure Multiplexers                                                        ; Auto               ; Auto               ;
; MLAB Add Timing Constraints For Mixed-Port Feed-Through Mode Setting Don't Care ; Off                ; Off                ;
; Create Debugging Nodes for IP Cores                                             ; Off                ; Off                ;
; Preserve fewer node names                                                       ; On                 ; On                 ;
; Intel FPGA IP Evaluation Mode                                                   ; Enable             ; Enable             ;
; Verilog Version                                                                 ; Verilog_2001       ; Verilog_2001       ;
; VHDL Version                                                                    ; VHDL_1993          ; VHDL_1993          ;
; State Machine Processing                                                        ; Auto               ; Auto               ;
; Safe State Machine                                                              ; Off                ; Off                ;
; Extract Verilog State Machines                                                  ; On                 ; On                 ;
; Extract VHDL State Machines                                                     ; On                 ; On                 ;
; Ignore Verilog initial constructs                                               ; Off                ; Off                ;
; Iteration limit for constant Verilog loops                                      ; 5000               ; 5000               ;
; Iteration limit for non-constant Verilog loops                                  ; 250                ; 250                ;
; Add Pass-Through Logic to Inferred RAMs                                         ; On                 ; On                 ;
; Infer RAMs from Raw Logic                                                       ; On                 ; On                 ;
; Parallel Synthesis                                                              ; On                 ; On                 ;
; DSP Block Balancing                                                             ; Auto               ; Auto               ;
; NOT Gate Push-Back                                                              ; On                 ; On                 ;
; Power-Up Don't Care                                                             ; On                 ; On                 ;
; Remove Redundant Logic Cells                                                    ; Off                ; Off                ;
; Remove Duplicate Registers                                                      ; On                 ; On                 ;
; Ignore CARRY Buffers                                                            ; Off                ; Off                ;
; Ignore CASCADE Buffers                                                          ; Off                ; Off                ;
; Ignore GLOBAL Buffers                                                           ; Off                ; Off                ;
; Ignore ROW GLOBAL Buffers                                                       ; Off                ; Off                ;
; Ignore LCELL Buffers                                                            ; Off                ; Off                ;
; Ignore SOFT Buffers                                                             ; On                 ; On                 ;
; Limit AHDL Integers to 32 Bits                                                  ; Off                ; Off                ;
; Optimization Technique                                                          ; Balanced           ; Balanced           ;
; Carry Chain Length                                                              ; 70                 ; 70                 ;
; Auto Carry Chains                                                               ; On                 ; On                 ;
; Auto Open-Drain Pins                                                            ; On                 ; On                 ;
; Perform WYSIWYG Primitive Resynthesis                                           ; Off                ; Off                ;
; Auto ROM Replacement                                                            ; On                 ; On                 ;
; Auto RAM Replacement                                                            ; On                 ; On                 ;
; Auto DSP Block Replacement                                                      ; On                 ; On                 ;
; Auto Shift Register Replacement                                                 ; Auto               ; Auto               ;
; Allow Shift Register Merging across Hierarchies                                 ; Auto               ; Auto               ;
; Auto Clock Enable Replacement                                                   ; On                 ; On                 ;
; Strict RAM Replacement                                                          ; Off                ; Off                ;
; Allow Synchronous Control Signals                                               ; On                 ; On                 ;
; Force Use of Synchronous Clear Signals                                          ; Off                ; Off                ;
; Auto Resource Sharing                                                           ; Off                ; Off                ;
; Allow Any RAM Size For Recognition                                              ; Off                ; Off                ;
; Allow Any ROM Size For Recognition                                              ; Off                ; Off                ;
; Allow Any Shift Register Size For Recognition                                   ; Off                ; Off                ;
; Use LogicLock Constraints during Resource Balancing                             ; On                 ; On                 ;
; Ignore translate_off and synthesis_off directives                               ; Off                ; Off                ;
; Timing-Driven Synthesis                                                         ; On                 ; On                 ;
; Report Parameter Settings                                                       ; On                 ; On                 ;
; Report Source Assignments                                                       ; On                 ; On                 ;
; Report Connectivity Checks                                                      ; On                 ; On                 ;
; Ignore Maximum Fan-Out Assignments                                              ; Off                ; Off                ;
; Synchronization Register Chain Length                                           ; 3                  ; 3                  ;
; Power Optimization During Synthesis                                             ; Normal compilation ; Normal compilation ;
; HDL message level                                                               ; Level2             ; Level2             ;
; Suppress Register Optimization Related Messages                                 ; Off                ; Off                ;
; Number of Removed Registers Reported in Synthesis Report                        ; 5000               ; 5000               ;
; Number of Swept Nodes Reported in Synthesis Report                              ; 5000               ; 5000               ;
; Number of Inverted Registers Reported in Synthesis Report                       ; 100                ; 100                ;
; Clock MUX Protection                                                            ; On                 ; On                 ;
; Auto Gated Clock Conversion                                                     ; Off                ; Off                ;
; Block Design Naming                                                             ; Auto               ; Auto               ;
; SDC constraint protection                                                       ; Off                ; Off                ;
; Synthesis Effort                                                                ; Auto               ; Auto               ;
; Shift Register Replacement - Allow Asynchronous Clear Signal                    ; On                 ; On                 ;
; Pre-Mapping Resynthesis Optimization                                            ; Off                ; Off                ;
; Analysis & Synthesis Message Level                                              ; Medium             ; Medium             ;
; Disable Register Merging Across Hierarchies                                     ; Auto               ; Auto               ;
; Resource Aware Inference For Block RAM                                          ; On                 ; On                 ;
; Automatic Parallel Synthesis                                                    ; On                 ; On                 ;
; Partial Reconfiguration Bitstream ID                                            ; Off                ; Off                ;
+---------------------------------------------------------------------------------+--------------------+--------------------+


+------------------------------------------+
; Parallel Compilation                     ;
+----------------------------+-------------+
; Processors                 ; Number      ;
+----------------------------+-------------+
; Number detected on machine ; 12          ;
; Maximum allowed            ; 8           ;
;                            ;             ;
; Average used               ; 1.00        ;
; Maximum used               ; 8           ;
;                            ;             ;
; Usage by Processor         ; % Time Used ;
;     Processor 1            ; 100.0%      ;
;     Processors 2-8         ;   0.0%      ;
+----------------------------+-------------+


+--------------------------------------------------------------------------------------------------------------------------------------------------------------------------------------------------------+
; Analysis & Synthesis Source Files Read                                                                                                                                                                 ;
+----------------------------------+-----------------+------------------------------+----------------------------------------------------------------------------------------------------------+---------+
; File Name with User-Entered Path ; Used in Netlist ; File Type                    ; File Name with Absolute Path                                                                             ; Library ;
+----------------------------------+-----------------+------------------------------+----------------------------------------------------------------------------------------------------------+---------+
; ula.vhd                          ; yes             ; User VHDL File               ; C:/Users/rodri/OneDrive/Documentos/projetos/Sist Dig/Projeto-Final-SD/cpu_quartus/ula.vhd                ;         ;
; full_add.vhd                     ; yes             ; User VHDL File               ; C:/Users/rodri/OneDrive/Documentos/projetos/Sist Dig/Projeto-Final-SD/cpu_quartus/full_add.vhd           ;         ;
; cpu.vhd                          ; yes             ; User VHDL File               ; C:/Users/rodri/OneDrive/Documentos/projetos/Sist Dig/Projeto-Final-SD/cpu_quartus/cpu.vhd                ;         ;
; ram256x8.vhd                     ; yes             ; User Wizard-Generated File   ; C:/Users/rodri/OneDrive/Documentos/projetos/Sist Dig/Projeto-Final-SD/cpu_quartus/ram256x8.vhd           ;         ;
; altsyncram.tdf                   ; yes             ; Megafunction                 ; c:/intelfpga_lite/23.1std/quartus/libraries/megafunctions/altsyncram.tdf                                 ;         ;
; stratix_ram_block.inc            ; yes             ; Megafunction                 ; c:/intelfpga_lite/23.1std/quartus/libraries/megafunctions/stratix_ram_block.inc                          ;         ;
; lpm_mux.inc                      ; yes             ; Megafunction                 ; c:/intelfpga_lite/23.1std/quartus/libraries/megafunctions/lpm_mux.inc                                    ;         ;
; lpm_decode.inc                   ; yes             ; Megafunction                 ; c:/intelfpga_lite/23.1std/quartus/libraries/megafunctions/lpm_decode.inc                                 ;         ;
; aglobal231.inc                   ; yes             ; Megafunction                 ; c:/intelfpga_lite/23.1std/quartus/libraries/megafunctions/aglobal231.inc                                 ;         ;
; a_rdenreg.inc                    ; yes             ; Megafunction                 ; c:/intelfpga_lite/23.1std/quartus/libraries/megafunctions/a_rdenreg.inc                                  ;         ;
; altrom.inc                       ; yes             ; Megafunction                 ; c:/intelfpga_lite/23.1std/quartus/libraries/megafunctions/altrom.inc                                     ;         ;
; altram.inc                       ; yes             ; Megafunction                 ; c:/intelfpga_lite/23.1std/quartus/libraries/megafunctions/altram.inc                                     ;         ;
; altdpram.inc                     ; yes             ; Megafunction                 ; c:/intelfpga_lite/23.1std/quartus/libraries/megafunctions/altdpram.inc                                   ;         ;
; db/altsyncram_vp14.tdf           ; yes             ; Auto-Generated Megafunction  ; C:/Users/rodri/OneDrive/Documentos/projetos/Sist Dig/Projeto-Final-SD/cpu_quartus/db/altsyncram_vp14.tdf ;         ;
+----------------------------------+-----------------+------------------------------+----------------------------------------------------------------------------------------------------------+---------+


+---------------------------------------------------------+
; Analysis & Synthesis Resource Usage Summary             ;
+---------------------------------------------+-----------+
; Resource                                    ; Usage     ;
+---------------------------------------------+-----------+
; Estimate of Logic utilization (ALMs needed) ; 121       ;
;                                             ;           ;
; Combinational ALUT usage for logic          ; 155       ;
;     -- 7 input functions                    ; 0         ;
;     -- 6 input functions                    ; 84        ;
;     -- 5 input functions                    ; 25        ;
;     -- 4 input functions                    ; 16        ;
;     -- <=3 input functions                  ; 30        ;
;                                             ;           ;
; Dedicated logic registers                   ; 91        ;
;                                             ;           ;
; I/O pins                                    ; 20        ;
; Total MLAB memory bits                      ; 0         ;
; Total block memory bits                     ; 2048      ;
;                                             ;           ;
; Total DSP Blocks                            ; 0         ;
;                                             ;           ;
; Maximum fan-out node                        ; clk~input ;
; Maximum fan-out                             ; 99        ;
; Total fan-out                               ; 1195      ;
; Average fan-out                             ; 4.06      ;
+---------------------------------------------+-----------+


+------------------------------------------------------------------------------------------------------------------------------------------------------------------------------------------------------------------------------------------------------------------------+
; Analysis & Synthesis Resource Utilization by Entity                                                                                                                                                                                                                    ;
+-------------------------------------------+---------------------+---------------------------+-------------------+------------+------+--------------+----------------------------------------------------------------------------------+-----------------+--------------+
; Compilation Hierarchy Node                ; Combinational ALUTs ; Dedicated Logic Registers ; Block Memory Bits ; DSP Blocks ; Pins ; Virtual Pins ; Full Hierarchy Name                                                              ; Entity Name     ; Library Name ;
+-------------------------------------------+---------------------+---------------------------+-------------------+------------+------+--------------+----------------------------------------------------------------------------------+-----------------+--------------+
; |cpu                                      ; 155 (118)           ; 91 (91)                   ; 2048              ; 0          ; 20   ; 0            ; |cpu                                                                             ; cpu             ; work         ;
;    |ram256x8:ram|                         ; 0 (0)               ; 0 (0)                     ; 2048              ; 0          ; 0    ; 0            ; |cpu|ram256x8:ram                                                                ; ram256x8        ; work         ;
;       |altsyncram:altsyncram_component|   ; 0 (0)               ; 0 (0)                     ; 2048              ; 0          ; 0    ; 0            ; |cpu|ram256x8:ram|altsyncram:altsyncram_component                                ; altsyncram      ; work         ;
;          |altsyncram_vp14:auto_generated| ; 0 (0)               ; 0 (0)                     ; 2048              ; 0          ; 0    ; 0            ; |cpu|ram256x8:ram|altsyncram:altsyncram_component|altsyncram_vp14:auto_generated ; altsyncram_vp14 ; work         ;
;    |ula:alu|                              ; 37 (28)             ; 0 (0)                     ; 0                 ; 0          ; 0    ; 0            ; |cpu|ula:alu                                                                     ; ula             ; work         ;
;       |full_add:FA1|                      ; 1 (1)               ; 0 (0)                     ; 0                 ; 0          ; 0    ; 0            ; |cpu|ula:alu|full_add:FA1                                                        ; full_add        ; work         ;
;       |full_add:FA3|                      ; 2 (2)               ; 0 (0)                     ; 0                 ; 0          ; 0    ; 0            ; |cpu|ula:alu|full_add:FA3                                                        ; full_add        ; work         ;
;       |full_add:FA4|                      ; 3 (3)               ; 0 (0)                     ; 0                 ; 0          ; 0    ; 0            ; |cpu|ula:alu|full_add:FA4                                                        ; full_add        ; work         ;
;       |full_add:FA5|                      ; 1 (1)               ; 0 (0)                     ; 0                 ; 0          ; 0    ; 0            ; |cpu|ula:alu|full_add:FA5                                                        ; full_add        ; work         ;
;       |full_add:FA6|                      ; 1 (1)               ; 0 (0)                     ; 0                 ; 0          ; 0    ; 0            ; |cpu|ula:alu|full_add:FA6                                                        ; full_add        ; work         ;
;       |full_add:FA8|                      ; 1 (1)               ; 0 (0)                     ; 0                 ; 0          ; 0    ; 0            ; |cpu|ula:alu|full_add:FA8                                                        ; full_add        ; work         ;
+-------------------------------------------+---------------------+---------------------------+-------------------+------------+------+--------------+----------------------------------------------------------------------------------+-----------------+--------------+
Note: For table entries with two numbers listed, the numbers in parentheses indicate the number of resources of the given type used by the specific entity alone. The numbers listed outside of parentheses indicate the total resources of the given type used by the specific entity and all of its sub-entities in the hierarchy.


+---------------------------------------------------------------------------------------------------------------------------------------------------------------------------------------------+
; Analysis & Synthesis RAM Summary                                                                                                                                                            ;
+----------------------------------------------------------------------------------------+------------+-------------+--------------+--------------+--------------+--------------+------+------+
; Name                                                                                   ; Type       ; Mode        ; Port A Depth ; Port A Width ; Port B Depth ; Port B Width ; Size ; MIF  ;
+----------------------------------------------------------------------------------------+------------+-------------+--------------+--------------+--------------+--------------+------+------+
; ram256x8:ram|altsyncram:altsyncram_component|altsyncram_vp14:auto_generated|ALTSYNCRAM ; M10K block ; Single Port ; 256          ; 8            ; --           ; --           ; 2048 ; None ;
+----------------------------------------------------------------------------------------+------------+-------------+--------------+--------------+--------------+--------------+------+------+


+-----------------------------------------------------------------------------------------------------+
; Analysis & Synthesis IP Cores Summary                                                               ;
+--------+--------------+---------+--------------+--------------+-------------------+-----------------+
; Vendor ; IP Core Name ; Version ; Release Date ; License Type ; Entity Instance   ; IP Include File ;
+--------+--------------+---------+--------------+--------------+-------------------+-----------------+
; Altera ; RAM: 1-PORT  ; 23.1    ; N/A          ; N/A          ; |cpu|ram256x8:ram ; ram256x8.vhd    ;
+--------+--------------+---------+--------------+--------------+-------------------+-----------------+


Encoding Type:  One-Hot
+------------------------------------------------------------------------------------------------------------------+
; State Machine - |cpu|state                                                                                       ;
+-----------------+----------------+---------------+----------------+-----------------+--------------+-------------+
; Name            ; state.LOAD_ANS ; state.EXECUTE ; state.LOAD_MEM ; state.IMMEDIATE ; state.DECODE ; state.FETCH ;
+-----------------+----------------+---------------+----------------+-----------------+--------------+-------------+
; state.FETCH     ; 0              ; 0             ; 0              ; 0               ; 0            ; 0           ;
; state.DECODE    ; 0              ; 0             ; 0              ; 0               ; 1            ; 1           ;
; state.IMMEDIATE ; 0              ; 0             ; 0              ; 1               ; 0            ; 1           ;
; state.LOAD_MEM  ; 0              ; 0             ; 1              ; 0               ; 0            ; 1           ;
; state.EXECUTE   ; 0              ; 1             ; 0              ; 0               ; 0            ; 1           ;
; state.LOAD_ANS  ; 1              ; 0             ; 0              ; 0               ; 0            ; 1           ;
+-----------------+----------------+---------------+----------------+-----------------+--------------+-------------+


+--------------------------------------------------------------------------------------+
; Registers Removed During Synthesis                                                   ;
+----------------------------------------+---------------------------------------------+
; Register name                          ; Reason for Removal                          ;
+----------------------------------------+---------------------------------------------+
; go~reg0                                ; Stuck at VCC due to stuck port data_in      ;
; econt                                  ; Stuck at GND due to stuck port data_in      ;
; cont[0..30]                            ; Stuck at GND due to stuck port clock_enable ;
; w~reg0                                 ; Stuck at VCC due to stuck port data_in      ;
; Total Number of Removed Registers = 34 ;                                             ;
+----------------------------------------+---------------------------------------------+


+--------------------------------------------------------------------------------------------------------------------------------------------------+
; Removed Registers Triggering Further Register Optimizations                                                                                      ;
+---------------+---------------------------+------------------------------------------------------------------------------------------------------+
; Register name ; Reason for Removal        ; Registers Removed due to This Register                                                               ;
+---------------+---------------------------+------------------------------------------------------------------------------------------------------+
; go~reg0       ; Stuck at VCC              ; econt, cont[30], cont[29], cont[28], cont[27], cont[26], cont[25], cont[24], cont[23], cont[22],     ;
;               ; due to stuck port data_in ; cont[21], cont[20], cont[19], cont[18], cont[17], cont[16], cont[15], cont[14], cont[13], cont[12],  ;
;               ;                           ; cont[11], cont[10], cont[9], cont[8], cont[7], cont[6], cont[5], cont[4], cont[3], cont[2], cont[1], ;
;               ;                           ; cont[0], w~reg0                                                                                      ;
+---------------+---------------------------+------------------------------------------------------------------------------------------------------+


+------------------------------------------------------+
; General Register Statistics                          ;
+----------------------------------------------+-------+
; Statistic                                    ; Value ;
+----------------------------------------------+-------+
; Total registers                              ; 91    ;
; Number of registers using Synchronous Clear  ; 0     ;
; Number of registers using Synchronous Load   ; 27    ;
; Number of registers using Asynchronous Clear ; 6     ;
; Number of registers using Asynchronous Load  ; 0     ;
; Number of registers using Clock Enable       ; 84    ;
; Number of registers using Preset             ; 0     ;
+----------------------------------------------+-------+


+------------------------------------------------------------------------------------------------------------------------------------------+
; Multiplexer Restructuring Statistics (Restructuring Performed)                                                                           ;
+--------------------+-----------+---------------+----------------------+------------------------+------------+----------------------------+
; Multiplexer Inputs ; Bus Width ; Baseline Area ; Area if Restructured ; Saving if Restructured ; Registered ; Example Multiplexer Output ;
+--------------------+-----------+---------------+----------------------+------------------------+------------+----------------------------+
; 5:1                ; 8 bits    ; 24 LEs        ; 16 LEs               ; 8 LEs                  ; Yes        ; |cpu|Led[5]~reg0           ;
; 10:1               ; 8 bits    ; 48 LEs        ; 16 LEs               ; 32 LEs                 ; Yes        ; |cpu|A[6]                  ;
; 16:1               ; 8 bits    ; 80 LEs        ; 16 LEs               ; 64 LEs                 ; Yes        ; |cpu|B[6]                  ;
; 8:1                ; 8 bits    ; 40 LEs        ; 16 LEs               ; 24 LEs                 ; Yes        ; |cpu|data[5]               ;
; 24:1               ; 8 bits    ; 128 LEs       ; 16 LEs               ; 112 LEs                ; Yes        ; |cpu|r1[6]                 ;
; 24:1               ; 8 bits    ; 128 LEs       ; 16 LEs               ; 112 LEs                ; Yes        ; |cpu|r2[3]                 ;
; 25:1               ; 8 bits    ; 128 LEs       ; 16 LEs               ; 112 LEs                ; Yes        ; |cpu|rs[3]                 ;
; 20:1               ; 8 bits    ; 104 LEs       ; 16 LEs               ; 88 LEs                 ; Yes        ; |cpu|address[0]            ;
; 21:1               ; 8 bits    ; 112 LEs       ; 24 LEs               ; 88 LEs                 ; Yes        ; |cpu|pcounter[0]           ;
; 5:1                ; 8 bits    ; 24 LEs        ; 24 LEs               ; 0 LEs                  ; No         ; |cpu|ula:alu|R[0]          ;
+--------------------+-----------+---------------+----------------------+------------------------+------------+----------------------------+


+----------------------------------------------------------------------------------------------------+
; Source assignments for ram256x8:ram|altsyncram:altsyncram_component|altsyncram_vp14:auto_generated ;
+---------------------------------+--------------------+------+--------------------------------------+
; Assignment                      ; Value              ; From ; To                                   ;
+---------------------------------+--------------------+------+--------------------------------------+
; OPTIMIZE_POWER_DURING_SYNTHESIS ; NORMAL_COMPILATION ; -    ; -                                    ;
+---------------------------------+--------------------+------+--------------------------------------+


+-------------------------------------------------------------------------------------------+
; Parameter Settings for User Entity Instance: ram256x8:ram|altsyncram:altsyncram_component ;
+------------------------------------+----------------------+-------------------------------+
; Parameter Name                     ; Value                ; Type                          ;
+------------------------------------+----------------------+-------------------------------+
; BYTE_SIZE_BLOCK                    ; 8                    ; Untyped                       ;
; AUTO_CARRY_CHAINS                  ; ON                   ; AUTO_CARRY                    ;
; IGNORE_CARRY_BUFFERS               ; OFF                  ; IGNORE_CARRY                  ;
; AUTO_CASCADE_CHAINS                ; ON                   ; AUTO_CASCADE                  ;
; IGNORE_CASCADE_BUFFERS             ; OFF                  ; IGNORE_CASCADE                ;
; WIDTH_BYTEENA                      ; 1                    ; Untyped                       ;
; OPERATION_MODE                     ; SINGLE_PORT          ; Untyped                       ;
; WIDTH_A                            ; 8                    ; Signed Integer                ;
; WIDTHAD_A                          ; 8                    ; Signed Integer                ;
; NUMWORDS_A                         ; 256                  ; Signed Integer                ;
; OUTDATA_REG_A                      ; UNREGISTERED         ; Untyped                       ;
; ADDRESS_ACLR_A                     ; NONE                 ; Untyped                       ;
; OUTDATA_ACLR_A                     ; NONE                 ; Untyped                       ;
; WRCONTROL_ACLR_A                   ; NONE                 ; Untyped                       ;
; INDATA_ACLR_A                      ; NONE                 ; Untyped                       ;
; BYTEENA_ACLR_A                     ; NONE                 ; Untyped                       ;
; WIDTH_B                            ; 1                    ; Signed Integer                ;
; WIDTHAD_B                          ; 1                    ; Signed Integer                ;
; NUMWORDS_B                         ; 0                    ; Signed Integer                ;
; INDATA_REG_B                       ; CLOCK1               ; Untyped                       ;
; WRCONTROL_WRADDRESS_REG_B          ; CLOCK1               ; Untyped                       ;
; RDCONTROL_REG_B                    ; CLOCK1               ; Untyped                       ;
; ADDRESS_REG_B                      ; CLOCK1               ; Untyped                       ;
; OUTDATA_REG_B                      ; UNREGISTERED         ; Untyped                       ;
; BYTEENA_REG_B                      ; CLOCK1               ; Untyped                       ;
; INDATA_ACLR_B                      ; NONE                 ; Untyped                       ;
; WRCONTROL_ACLR_B                   ; NONE                 ; Untyped                       ;
; ADDRESS_ACLR_B                     ; NONE                 ; Untyped                       ;
; OUTDATA_ACLR_B                     ; NONE                 ; Untyped                       ;
; RDCONTROL_ACLR_B                   ; NONE                 ; Untyped                       ;
; BYTEENA_ACLR_B                     ; NONE                 ; Untyped                       ;
; WIDTH_BYTEENA_A                    ; 1                    ; Signed Integer                ;
; WIDTH_BYTEENA_B                    ; 1                    ; Signed Integer                ;
; RAM_BLOCK_TYPE                     ; M10K                 ; Untyped                       ;
; BYTE_SIZE                          ; 8                    ; Signed Integer                ;
; READ_DURING_WRITE_MODE_MIXED_PORTS ; DONT_CARE            ; Untyped                       ;
; READ_DURING_WRITE_MODE_PORT_A      ; NEW_DATA_NO_NBE_READ ; Untyped                       ;
; READ_DURING_WRITE_MODE_PORT_B      ; NEW_DATA_NO_NBE_READ ; Untyped                       ;
; INIT_FILE                          ; ram256x8.            ; Untyped                       ;
; INIT_FILE_LAYOUT                   ; PORT_A               ; Untyped                       ;
; MAXIMUM_DEPTH                      ; 0                    ; Signed Integer                ;
; CLOCK_ENABLE_INPUT_A               ; BYPASS               ; Untyped                       ;
; CLOCK_ENABLE_INPUT_B               ; NORMAL               ; Untyped                       ;
; CLOCK_ENABLE_OUTPUT_A              ; BYPASS               ; Untyped                       ;
; CLOCK_ENABLE_OUTPUT_B              ; NORMAL               ; Untyped                       ;
; CLOCK_ENABLE_CORE_A                ; USE_INPUT_CLKEN      ; Untyped                       ;
; CLOCK_ENABLE_CORE_B                ; USE_INPUT_CLKEN      ; Untyped                       ;
; ENABLE_ECC                         ; FALSE                ; Untyped                       ;
; ECC_PIPELINE_STAGE_ENABLED         ; FALSE                ; Untyped                       ;
; WIDTH_ECCSTATUS                    ; 3                    ; Signed Integer                ;
; DEVICE_FAMILY                      ; Cyclone V            ; Untyped                       ;
; CBXI_PARAMETER                     ; altsyncram_vp14      ; Untyped                       ;
+------------------------------------+----------------------+-------------------------------+
Note: In order to hide this table in the UI and the text report file, please set the "Show Parameter Settings in Synthesis Report" option in "Analysis and Synthesis Settings -> More Settings" to "Off".


+------------------------------------------------------------------------------------------+
; altsyncram Parameter Settings by Entity Instance                                         ;
+-------------------------------------------+----------------------------------------------+
; Name                                      ; Value                                        ;
+-------------------------------------------+----------------------------------------------+
; Number of entity instances                ; 1                                            ;
; Entity Instance                           ; ram256x8:ram|altsyncram:altsyncram_component ;
;     -- OPERATION_MODE                     ; SINGLE_PORT                                  ;
;     -- WIDTH_A                            ; 8                                            ;
;     -- NUMWORDS_A                         ; 256                                          ;
;     -- OUTDATA_REG_A                      ; UNREGISTERED                                 ;
;     -- WIDTH_B                            ; 1                                            ;
;     -- NUMWORDS_B                         ; 0                                            ;
;     -- ADDRESS_REG_B                      ; CLOCK1                                       ;
;     -- OUTDATA_REG_B                      ; UNREGISTERED                                 ;
;     -- RAM_BLOCK_TYPE                     ; M10K                                         ;
;     -- READ_DURING_WRITE_MODE_MIXED_PORTS ; DONT_CARE                                    ;
+-------------------------------------------+----------------------------------------------+


+--------------------------------------------------------------------------------------------------------------------+
; Port Connectivity Checks: "ula:alu"                                                                                ;
+----------+--------+----------+-------------------------------------------------------------------------------------+
; Port     ; Type   ; Severity ; Details                                                                             ;
+----------+--------+----------+-------------------------------------------------------------------------------------+
; carry    ; Output ; Info     ; Connected to dangling logic. Logic that only feeds a dangling port will be removed. ;
; overflow ; Output ; Info     ; Connected to dangling logic. Logic that only feeds a dangling port will be removed. ;
+----------+--------+----------+-------------------------------------------------------------------------------------+


+-----------------------------------------------------+
; Post-Synthesis Netlist Statistics for Top Partition ;
+-----------------------+-----------------------------+
; Type                  ; Count                       ;
+-----------------------+-----------------------------+
; arriav_ff             ; 91                          ;
;     CLR               ; 5                           ;
;     CLR SLD           ; 1                           ;
;     ENA               ; 58                          ;
;     ENA SLD           ; 26                          ;
;     plain             ; 1                           ;
; arriav_lcell_comb     ; 156                         ;
;     arith             ; 8                           ;
;         1 data inputs ; 8                           ;
;     normal            ; 148                         ;
;         0 data inputs ; 2                           ;
;         1 data inputs ; 2                           ;
;         2 data inputs ; 14                          ;
;         3 data inputs ; 5                           ;
;         4 data inputs ; 16                          ;
;         5 data inputs ; 25                          ;
;         6 data inputs ; 84                          ;
; boundary_port         ; 20                          ;
; stratixv_ram_block    ; 8                           ;
;                       ;                             ;
; Max LUT depth         ; 5.00                        ;
; Average LUT depth     ; 1.97                        ;
+-----------------------+-----------------------------+


+-------------------------------+
; Elapsed Time Per Partition    ;
+----------------+--------------+
; Partition Name ; Elapsed Time ;
+----------------+--------------+
; Top            ; 00:00:01     ;
+----------------+--------------+


+-------------------------------+
; Analysis & Synthesis Messages ;
+-------------------------------+
Info: *******************************************************************
Info: Running Quartus Prime Analysis & Synthesis
    Info: Version 23.1std.1 Build 993 05/14/2024 SC Lite Edition
    Info: Processing started: Mon Dec  2 10:33:02 2024
Info: Command: quartus_map --read_settings_files=on --write_settings_files=off cpu -c cpu
Warning (18236): Number of processors has not been specified which may cause overloading on shared machines.  Set the global assignment NUM_PARALLEL_PROCESSORS in your QSF to an appropriate value for best performance.
Info (20030): Parallel compilation is enabled and will use 8 of the 8 processors detected
Info (12021): Found 2 design units, including 1 entities, in source file ula.vhd
    Info (12022): Found design unit 1: ula-Behaviour File: C:/Users/rodri/OneDrive/Documentos/projetos/Sist Dig/Projeto-Final-SD/cpu_quartus/ula.vhd Line: 18
    Info (12023): Found entity 1: ula File: C:/Users/rodri/OneDrive/Documentos/projetos/Sist Dig/Projeto-Final-SD/cpu_quartus/ula.vhd Line: 5
Info (12021): Found 2 design units, including 1 entities, in source file full_add.vhd
    Info (12022): Found design unit 1: full_add-Behaviour File: C:/Users/rodri/OneDrive/Documentos/projetos/Sist Dig/Projeto-Final-SD/cpu_quartus/full_add.vhd Line: 15
    Info (12023): Found entity 1: full_add File: C:/Users/rodri/OneDrive/Documentos/projetos/Sist Dig/Projeto-Final-SD/cpu_quartus/full_add.vhd Line: 5
Info (12021): Found 2 design units, including 1 entities, in source file cpu.vhd
    Info (12022): Found design unit 1: cpu-behaviour File: C:/Users/rodri/OneDrive/Documentos/projetos/Sist Dig/Projeto-Final-SD/cpu_quartus/cpu.vhd Line: 16
    Info (12023): Found entity 1: cpu File: C:/Users/rodri/OneDrive/Documentos/projetos/Sist Dig/Projeto-Final-SD/cpu_quartus/cpu.vhd Line: 5
Info (12021): Found 2 design units, including 1 entities, in source file ram256x8.vhd
    Info (12022): Found design unit 1: ram256x8-SYN File: C:/Users/rodri/OneDrive/Documentos/projetos/Sist Dig/Projeto-Final-SD/cpu_quartus/ram256x8.vhd Line: 55
    Info (12023): Found entity 1: ram256x8 File: C:/Users/rodri/OneDrive/Documentos/projetos/Sist Dig/Projeto-Final-SD/cpu_quartus/ram256x8.vhd Line: 43
Info (12127): Elaborating entity "cpu" for the top level hierarchy
Warning (10036): Verilog HDL or VHDL warning at cpu.vhd(71): object "over" assigned a value but never read File: C:/Users/rodri/OneDrive/Documentos/projetos/Sist Dig/Projeto-Final-SD/cpu_quartus/cpu.vhd Line: 71
Warning (10036): Verilog HDL or VHDL warning at cpu.vhd(71): object "carry" assigned a value but never read File: C:/Users/rodri/OneDrive/Documentos/projetos/Sist Dig/Projeto-Final-SD/cpu_quartus/cpu.vhd Line: 71
Info (12128): Elaborating entity "ram256x8" for hierarchy "ram256x8:ram" File: C:/Users/rodri/OneDrive/Documentos/projetos/Sist Dig/Projeto-Final-SD/cpu_quartus/cpu.vhd Line: 81
Info (12128): Elaborating entity "altsyncram" for hierarchy "ram256x8:ram|altsyncram:altsyncram_component" File: C:/Users/rodri/OneDrive/Documentos/projetos/Sist Dig/Projeto-Final-SD/cpu_quartus/ram256x8.vhd Line: 62
Info (12130): Elaborated megafunction instantiation "ram256x8:ram|altsyncram:altsyncram_component" File: C:/Users/rodri/OneDrive/Documentos/projetos/Sist Dig/Projeto-Final-SD/cpu_quartus/ram256x8.vhd Line: 62
Info (12133): Instantiated megafunction "ram256x8:ram|altsyncram:altsyncram_component" with the following parameter: File: C:/Users/rodri/OneDrive/Documentos/projetos/Sist Dig/Projeto-Final-SD/cpu_quartus/ram256x8.vhd Line: 62
    Info (12134): Parameter "address_aclr_a" = "UNUSED"
    Info (12134): Parameter "address_aclr_b" = "NONE"
    Info (12134): Parameter "address_reg_b" = "CLOCK1"
    Info (12134): Parameter "byte_size" = "8"
    Info (12134): Parameter "byteena_aclr_a" = "UNUSED"
    Info (12134): Parameter "byteena_aclr_b" = "NONE"
    Info (12134): Parameter "byteena_reg_b" = "CLOCK1"
    Info (12134): Parameter "clock_enable_core_a" = "USE_INPUT_CLKEN"
    Info (12134): Parameter "clock_enable_core_b" = "USE_INPUT_CLKEN"
    Info (12134): Parameter "clock_enable_input_a" = "BYPASS"
    Info (12134): Parameter "clock_enable_input_b" = "NORMAL"
    Info (12134): Parameter "clock_enable_output_a" = "BYPASS"
    Info (12134): Parameter "clock_enable_output_b" = "NORMAL"
    Info (12134): Parameter "intended_device_family" = "Cyclone V"
    Info (12134): Parameter "ecc_pipeline_stage_enabled" = "FALSE"
    Info (12134): Parameter "enable_ecc" = "FALSE"
    Info (12134): Parameter "implement_in_les" = "OFF"
    Info (12134): Parameter "indata_aclr_a" = "UNUSED"
    Info (12134): Parameter "indata_aclr_b" = "NONE"
    Info (12134): Parameter "indata_reg_b" = "CLOCK1"
    Info (12134): Parameter "init_file" = "ram256x8."
    Info (12134): Parameter "init_file_layout" = "PORT_A"
    Info (12134): Parameter "maximum_depth" = "0"
    Info (12134): Parameter "numwords_a" = "256"
    Info (12134): Parameter "numwords_b" = "0"
    Info (12134): Parameter "operation_mode" = "SINGLE_PORT"
    Info (12134): Parameter "outdata_aclr_a" = "NONE"
    Info (12134): Parameter "outdata_aclr_b" = "NONE"
    Info (12134): Parameter "outdata_reg_a" = "UNREGISTERED"
    Info (12134): Parameter "outdata_reg_b" = "UNREGISTERED"
    Info (12134): Parameter "power_up_uninitialized" = "FALSE"
    Info (12134): Parameter "ram_block_type" = "M10K"
    Info (12134): Parameter "rdcontrol_aclr_b" = "NONE"
    Info (12134): Parameter "rdcontrol_reg_b" = "CLOCK1"
    Info (12134): Parameter "read_during_write_mode_mixed_ports" = "DONT_CARE"
    Info (12134): Parameter "read_during_write_mode_port_a" = "NEW_DATA_NO_NBE_READ"
    Info (12134): Parameter "read_during_write_mode_port_b" = "NEW_DATA_NO_NBE_READ"
    Info (12134): Parameter "stratixiv_m144k_allow_dual_clocks" = "ON"
    Info (12134): Parameter "width_a" = "8"
    Info (12134): Parameter "width_b" = "1"
    Info (12134): Parameter "width_byteena_a" = "1"
    Info (12134): Parameter "width_byteena_b" = "1"
    Info (12134): Parameter "width_eccstatus" = "3"
    Info (12134): Parameter "widthad_a" = "8"
    Info (12134): Parameter "widthad_b" = "1"
    Info (12134): Parameter "wrcontrol_aclr_a" = "UNUSED"
    Info (12134): Parameter "wrcontrol_aclr_b" = "NONE"
    Info (12134): Parameter "wrcontrol_wraddress_reg_b" = "CLOCK1"
    Info (12134): Parameter "lpm_hint" = "ENABLE_RUNTIME_MOD=NO"
    Info (12134): Parameter "lpm_type" = "altsyncram"
Info (12021): Found 1 design units, including 1 entities, in source file db/altsyncram_vp14.tdf
    Info (12023): Found entity 1: altsyncram_vp14 File: C:/Users/rodri/OneDrive/Documentos/projetos/Sist Dig/Projeto-Final-SD/cpu_quartus/db/altsyncram_vp14.tdf Line: 28
Info (12128): Elaborating entity "altsyncram_vp14" for hierarchy "ram256x8:ram|altsyncram:altsyncram_component|altsyncram_vp14:auto_generated" File: c:/intelfpga_lite/23.1std/quartus/libraries/megafunctions/altsyncram.tdf Line: 792
Critical Warning (127003): Can't find Memory Initialization File or Hexadecimal (Intel-Format) File C:/Users/rodri/OneDrive/Documentos/projetos/Sist Dig/Projeto-Final-SD/cpu_quartus/ram256x8. -- setting all initial values to 0 File: C:/Users/rodri/OneDrive/Documentos/projetos/Sist Dig/Projeto-Final-SD/cpu_quartus/ram256x8.vhd Line: 62
Info (12128): Elaborating entity "ula" for hierarchy "ula:alu" File: C:/Users/rodri/OneDrive/Documentos/projetos/Sist Dig/Projeto-Final-SD/cpu_quartus/cpu.vhd Line: 90
Info (12128): Elaborating entity "full_add" for hierarchy "ula:alu|full_add:FA1" File: C:/Users/rodri/OneDrive/Documentos/projetos/Sist Dig/Projeto-Final-SD/cpu_quartus/ula.vhd Line: 45
Warning (13024): Output pins are stuck at VCC or GND
    Warning (13410): Pin "w" is stuck at VCC File: C:/Users/rodri/OneDrive/Documentos/projetos/Sist Dig/Projeto-Final-SD/cpu_quartus/cpu.vhd Line: 10
    Warning (13410): Pin "go" is stuck at VCC File: C:/Users/rodri/OneDrive/Documentos/projetos/Sist Dig/Projeto-Final-SD/cpu_quartus/cpu.vhd Line: 11
Info (286030): Timing-Driven Synthesis is running
Info (16010): Generating hard_block partition "hard_block:auto_generated_inst"
    Info (16011): Adding 0 node(s), including 0 DDIO, 0 PLL, 0 transceiver and 0 LCELL
Info (21057): Implemented 208 device resources after synthesis - the final resource count might be different
    Info (21058): Implemented 10 input pins
    Info (21059): Implemented 10 output pins
    Info (21061): Implemented 180 logic cells
    Info (21064): Implemented 8 RAM segments
Info: Quartus Prime Analysis & Synthesis was successful. 0 errors, 7 warnings
    Info: Peak virtual memory: 4950 megabytes
    Info: Processing ended: Mon Dec  2 10:33:18 2024
    Info: Elapsed time: 00:00:16
    Info: Total CPU time (on all processors): 00:00:28


